{"/home/paulojunioromao/router-khan-js/src/Router.js": {"path":"/home/paulojunioromao/router-khan-js/src/Router.js","statementMap":{"0":{"start":{"line":5,"column":4},"end":{"line":7,"column":5}},"1":{"start":{"line":6,"column":6},"end":{"line":6,"column":49}},"2":{"start":{"line":8,"column":4},"end":{"line":8,"column":34}},"3":{"start":{"line":12,"column":4},"end":{"line":14,"column":5}},"4":{"start":{"line":13,"column":6},"end":{"line":13,"column":64}},"5":{"start":{"line":15,"column":4},"end":{"line":15,"column":28}},"6":{"start":{"line":16,"column":4},"end":{"line":16,"column":21}},"7":{"start":{"line":20,"column":4},"end":{"line":20,"column":54}},"8":{"start":{"line":24,"column":23},"end":{"line":24,"column":55}},"9":{"start":{"line":24,"column":30},"end":{"line":24,"column":55}},"10":{"start":{"line":25,"column":19},"end":{"line":25,"column":34}},"11":{"start":{"line":26,"column":4},"end":{"line":34,"column":5}},"12":{"start":{"line":27,"column":27},"end":{"line":27,"column":75}},"13":{"start":{"line":27,"column":40},"end":{"line":27,"column":75}},"14":{"start":{"line":28,"column":26},"end":{"line":30,"column":7}},"15":{"start":{"line":29,"column":8},"end":{"line":29,"column":79}},"16":{"start":{"line":31,"column":19},"end":{"line":31,"column":66}},"17":{"start":{"line":31,"column":39},"end":{"line":31,"column":65}},"18":{"start":{"line":32,"column":23},"end":{"line":32,"column":47}},"19":{"start":{"line":33,"column":6},"end":{"line":33,"column":32}},"20":{"start":{"line":35,"column":4},"end":{"line":35,"column":17}},"21":{"start":{"line":39,"column":4},"end":{"line":39,"column":24}},"22":{"start":{"line":43,"column":21},"end":{"line":43,"column":40}},"23":{"start":{"line":44,"column":4},"end":{"line":44,"column":31}},"24":{"start":{"line":45,"column":4},"end":{"line":45,"column":20}},"25":{"start":{"line":49,"column":4},"end":{"line":58,"column":5}},"26":{"start":{"line":50,"column":26},"end":{"line":50,"column":50}},"27":{"start":{"line":51,"column":6},"end":{"line":57,"column":7}},"28":{"start":{"line":52,"column":8},"end":{"line":52,"column":79}},"29":{"start":{"line":53,"column":13},"end":{"line":57,"column":7}},"30":{"start":{"line":54,"column":22},"end":{"line":54,"column":73}},"31":{"start":{"line":55,"column":8},"end":{"line":55,"column":69}},"32":{"start":{"line":56,"column":8},"end":{"line":56,"column":50}},"33":{"start":{"line":62,"column":15},"end":{"line":62,"column":53}},"34":{"start":{"line":63,"column":15},"end":{"line":63,"column":19}},"35":{"start":{"line":64,"column":4},"end":{"line":66,"column":5}},"36":{"start":{"line":64,"column":17},"end":{"line":64,"column":18}},"37":{"start":{"line":65,"column":6},"end":{"line":65,"column":57}},"38":{"start":{"line":68,"column":4},"end":{"line":68,"column":11}},"39":{"start":{"line":72,"column":22},"end":{"line":72,"column":52}},"40":{"start":{"line":73,"column":17},"end":{"line":73,"column":79}},"41":{"start":{"line":73,"column":53},"end":{"line":73,"column":78}},"42":{"start":{"line":74,"column":4},"end":{"line":85,"column":5}},"43":{"start":{"line":75,"column":23},"end":{"line":75,"column":44}},"44":{"start":{"line":76,"column":22},"end":{"line":76,"column":71}},"45":{"start":{"line":76,"column":49},"end":{"line":76,"column":70}},"46":{"start":{"line":77,"column":6},"end":{"line":83,"column":7}},"47":{"start":{"line":78,"column":28},"end":{"line":78,"column":57}},"48":{"start":{"line":79,"column":25},"end":{"line":79,"column":27}},"49":{"start":{"line":80,"column":8},"end":{"line":80,"column":76}},"50":{"start":{"line":80,"column":42},"end":{"line":80,"column":73}},"51":{"start":{"line":81,"column":8},"end":{"line":81,"column":32}},"52":{"start":{"line":82,"column":8},"end":{"line":82,"column":56}},"53":{"start":{"line":84,"column":6},"end":{"line":84,"column":46}},"54":{"start":{"line":89,"column":4},"end":{"line":95,"column":6}},"55":{"start":{"line":96,"column":16},"end":{"line":96,"column":29}},"56":{"start":{"line":100,"column":4},"end":{"line":106,"column":6}},"57":{"start":{"line":102,"column":8},"end":{"line":104,"column":36}},"58":{"start":{"line":105,"column":6},"end":{"line":105,"column":27}},"59":{"start":{"line":109,"column":6},"end":{"line":111,"column":34}},"60":{"start":{"line":113,"column":4},"end":{"line":113,"column":25}}},"fnMap":{"0":{"name":"(anonymous_0)","decl":{"start":{"line":4,"column":2},"end":{"line":4,"column":3}},"loc":{"start":{"line":4,"column":25},"end":{"line":9,"column":3}},"line":4},"1":{"name":"(anonymous_1)","decl":{"start":{"line":11,"column":2},"end":{"line":11,"column":3}},"loc":{"start":{"line":11,"column":30},"end":{"line":17,"column":3}},"line":11},"2":{"name":"(anonymous_2)","decl":{"start":{"line":19,"column":2},"end":{"line":19,"column":3}},"loc":{"start":{"line":19,"column":23},"end":{"line":21,"column":3}},"line":19},"3":{"name":"(anonymous_3)","decl":{"start":{"line":23,"column":2},"end":{"line":23,"column":3}},"loc":{"start":{"line":23,"column":20},"end":{"line":36,"column":3}},"line":23},"4":{"name":"(anonymous_4)","decl":{"start":{"line":24,"column":23},"end":{"line":24,"column":24}},"loc":{"start":{"line":24,"column":30},"end":{"line":24,"column":55}},"line":24},"5":{"name":"(anonymous_5)","decl":{"start":{"line":27,"column":27},"end":{"line":27,"column":28}},"loc":{"start":{"line":27,"column":40},"end":{"line":27,"column":75}},"line":27},"6":{"name":"(anonymous_6)","decl":{"start":{"line":28,"column":26},"end":{"line":28,"column":27}},"loc":{"start":{"line":28,"column":42},"end":{"line":30,"column":7}},"line":28},"7":{"name":"(anonymous_7)","decl":{"start":{"line":31,"column":30},"end":{"line":31,"column":31}},"loc":{"start":{"line":31,"column":39},"end":{"line":31,"column":65}},"line":31},"8":{"name":"(anonymous_8)","decl":{"start":{"line":38,"column":2},"end":{"line":38,"column":3}},"loc":{"start":{"line":38,"column":17},"end":{"line":40,"column":3}},"line":38},"9":{"name":"(anonymous_9)","decl":{"start":{"line":42,"column":2},"end":{"line":42,"column":3}},"loc":{"start":{"line":42,"column":18},"end":{"line":46,"column":3}},"line":42},"10":{"name":"(anonymous_10)","decl":{"start":{"line":48,"column":2},"end":{"line":48,"column":3}},"loc":{"start":{"line":48,"column":23},"end":{"line":59,"column":3}},"line":48},"11":{"name":"(anonymous_11)","decl":{"start":{"line":61,"column":2},"end":{"line":61,"column":3}},"loc":{"start":{"line":61,"column":41},"end":{"line":69,"column":3}},"line":61},"12":{"name":"(anonymous_12)","decl":{"start":{"line":71,"column":2},"end":{"line":71,"column":3}},"loc":{"start":{"line":71,"column":18},"end":{"line":86,"column":3}},"line":71},"13":{"name":"(anonymous_13)","decl":{"start":{"line":73,"column":32},"end":{"line":73,"column":33}},"loc":{"start":{"line":73,"column":53},"end":{"line":73,"column":78}},"line":73},"14":{"name":"(anonymous_14)","decl":{"start":{"line":76,"column":39},"end":{"line":76,"column":40}},"loc":{"start":{"line":76,"column":49},"end":{"line":76,"column":70}},"line":76},"15":{"name":"(anonymous_15)","decl":{"start":{"line":80,"column":25},"end":{"line":80,"column":26}},"loc":{"start":{"line":80,"column":42},"end":{"line":80,"column":73}},"line":80},"16":{"name":"(anonymous_16)","decl":{"start":{"line":88,"column":2},"end":{"line":88,"column":3}},"loc":{"start":{"line":88,"column":16},"end":{"line":97,"column":3}},"line":88},"17":{"name":"(anonymous_17)","decl":{"start":{"line":99,"column":2},"end":{"line":99,"column":3}},"loc":{"start":{"line":99,"column":13},"end":{"line":114,"column":3}},"line":99},"18":{"name":"(anonymous_18)","decl":{"start":{"line":100,"column":24},"end":{"line":100,"column":25}},"loc":{"start":{"line":100,"column":29},"end":{"line":106,"column":5}},"line":100}},"branchMap":{"0":{"loc":{"start":{"line":5,"column":4},"end":{"line":7,"column":5}},"type":"if","locations":[{"start":{"line":5,"column":4},"end":{"line":7,"column":5}},{"start":{"line":5,"column":4},"end":{"line":7,"column":5}}],"line":5},"1":{"loc":{"start":{"line":11,"column":14},"end":{"line":11,"column":28}},"type":"default-arg","locations":[{"start":{"line":11,"column":24},"end":{"line":11,"column":28}}],"line":11},"2":{"loc":{"start":{"line":12,"column":4},"end":{"line":14,"column":5}},"type":"if","locations":[{"start":{"line":12,"column":4},"end":{"line":14,"column":5}},{"start":{"line":12,"column":4},"end":{"line":14,"column":5}}],"line":12},"3":{"loc":{"start":{"line":26,"column":4},"end":{"line":34,"column":5}},"type":"if","locations":[{"start":{"line":26,"column":4},"end":{"line":34,"column":5}},{"start":{"line":26,"column":4},"end":{"line":34,"column":5}}],"line":26},"4":{"loc":{"start":{"line":26,"column":8},"end":{"line":26,"column":39}},"type":"binary-expr","locations":[{"start":{"line":26,"column":8},"end":{"line":26,"column":14}},{"start":{"line":26,"column":18},"end":{"line":26,"column":39}}],"line":26},"5":{"loc":{"start":{"line":49,"column":4},"end":{"line":58,"column":5}},"type":"if","locations":[{"start":{"line":49,"column":4},"end":{"line":58,"column":5}},{"start":{"line":49,"column":4},"end":{"line":58,"column":5}}],"line":49},"6":{"loc":{"start":{"line":51,"column":6},"end":{"line":57,"column":7}},"type":"if","locations":[{"start":{"line":51,"column":6},"end":{"line":57,"column":7}},{"start":{"line":51,"column":6},"end":{"line":57,"column":7}}],"line":51},"7":{"loc":{"start":{"line":51,"column":10},"end":{"line":51,"column":55}},"type":"binary-expr","locations":[{"start":{"line":51,"column":10},"end":{"line":51,"column":31}},{"start":{"line":51,"column":35},"end":{"line":51,"column":55}}],"line":51},"8":{"loc":{"start":{"line":53,"column":13},"end":{"line":57,"column":7}},"type":"if","locations":[{"start":{"line":53,"column":13},"end":{"line":57,"column":7}},{"start":{"line":53,"column":13},"end":{"line":57,"column":7}}],"line":53},"9":{"loc":{"start":{"line":74,"column":4},"end":{"line":85,"column":5}},"type":"if","locations":[{"start":{"line":74,"column":4},"end":{"line":85,"column":5}},{"start":{"line":74,"column":4},"end":{"line":85,"column":5}}],"line":74},"10":{"loc":{"start":{"line":77,"column":6},"end":{"line":83,"column":7}},"type":"if","locations":[{"start":{"line":77,"column":6},"end":{"line":83,"column":7}},{"start":{"line":77,"column":6},"end":{"line":83,"column":7}}],"line":77},"11":{"loc":{"start":{"line":77,"column":10},"end":{"line":77,"column":29}},"type":"binary-expr","locations":[{"start":{"line":77,"column":10},"end":{"line":77,"column":17}},{"start":{"line":77,"column":21},"end":{"line":77,"column":29}}],"line":77},"12":{"loc":{"start":{"line":102,"column":8},"end":{"line":104,"column":36}},"type":"cond-expr","locations":[{"start":{"line":103,"column":12},"end":{"line":103,"column":49}},{"start":{"line":104,"column":12},"end":{"line":104,"column":36}}],"line":102},"13":{"loc":{"start":{"line":109,"column":6},"end":{"line":111,"column":34}},"type":"cond-expr","locations":[{"start":{"line":110,"column":10},"end":{"line":110,"column":47}},{"start":{"line":111,"column":10},"end":{"line":111,"column":34}}],"line":109}},"s":{"0":10,"1":1,"2":10,"3":1,"4":1,"5":1,"6":1,"7":6,"8":7,"9":7,"10":7,"11":7,"12":3,"13":3,"14":3,"15":3,"16":3,"17":3,"18":3,"19":3,"20":4,"21":2,"22":1,"23":1,"24":1,"25":5,"26":5,"27":5,"28":3,"29":2,"30":2,"31":2,"32":2,"33":3,"34":3,"35":3,"36":3,"37":3,"38":3,"39":3,"40":3,"41":7,"42":3,"43":3,"44":3,"45":5,"46":3,"47":1,"48":1,"49":1,"50":1,"51":1,"52":1,"53":2,"54":1,"55":1,"56":1,"57":0,"58":0,"59":1,"60":1},"f":{"0":10,"1":1,"2":6,"3":7,"4":7,"5":3,"6":3,"7":3,"8":2,"9":1,"10":5,"11":3,"12":3,"13":7,"14":5,"15":1,"16":1,"17":1,"18":0},"b":{"0":[1,9],"1":[1],"2":[1,0],"3":[3,4],"4":[7,3],"5":[5,0],"6":[3,2],"7":[5,2],"8":[2,0],"9":[3,0],"10":[1,2],"11":[3,1],"12":[0,0],"13":[0,1]},"_coverageSchema":"43e27e138ebf9cfc5966b082cf9a028302ed4184","hash":"1c16efcce02cb17511ffada17e7538db0c078ca2"}
}
