{"/home/paulojunioromao/router-khan-js/src/Router.js": {"path":"/home/paulojunioromao/router-khan-js/src/Router.js","statementMap":{"0":{"start":{"line":6,"column":8},"end":{"line":8,"column":9}},"1":{"start":{"line":7,"column":12},"end":{"line":7,"column":55}},"2":{"start":{"line":9,"column":8},"end":{"line":9,"column":38}},"3":{"start":{"line":13,"column":8},"end":{"line":15,"column":9}},"4":{"start":{"line":14,"column":12},"end":{"line":14,"column":70}},"5":{"start":{"line":16,"column":8},"end":{"line":16,"column":32}},"6":{"start":{"line":17,"column":8},"end":{"line":17,"column":25}},"7":{"start":{"line":21,"column":8},"end":{"line":21,"column":58}},"8":{"start":{"line":25,"column":28},"end":{"line":25,"column":60}},"9":{"start":{"line":25,"column":35},"end":{"line":25,"column":60}},"10":{"start":{"line":26,"column":24},"end":{"line":26,"column":39}},"11":{"start":{"line":27,"column":9},"end":{"line":35,"column":10}},"12":{"start":{"line":28,"column":34},"end":{"line":28,"column":82}},"13":{"start":{"line":28,"column":47},"end":{"line":28,"column":82}},"14":{"start":{"line":29,"column":33},"end":{"line":31,"column":14}},"15":{"start":{"line":30,"column":17},"end":{"line":30,"column":88}},"16":{"start":{"line":32,"column":26},"end":{"line":32,"column":73}},"17":{"start":{"line":32,"column":46},"end":{"line":32,"column":72}},"18":{"start":{"line":33,"column":30},"end":{"line":33,"column":54}},"19":{"start":{"line":34,"column":13},"end":{"line":34,"column":39}},"20":{"start":{"line":36,"column":9},"end":{"line":36,"column":22}},"21":{"start":{"line":40,"column":9},"end":{"line":40,"column":29}},"22":{"start":{"line":44,"column":26},"end":{"line":44,"column":45}},"23":{"start":{"line":45,"column":9},"end":{"line":45,"column":36}},"24":{"start":{"line":46,"column":9},"end":{"line":46,"column":25}},"25":{"start":{"line":50,"column":8},"end":{"line":59,"column":9}},"26":{"start":{"line":51,"column":32},"end":{"line":51,"column":56}},"27":{"start":{"line":52,"column":12},"end":{"line":58,"column":13}},"28":{"start":{"line":53,"column":16},"end":{"line":53,"column":87}},"29":{"start":{"line":54,"column":19},"end":{"line":58,"column":13}},"30":{"start":{"line":55,"column":30},"end":{"line":55,"column":81}},"31":{"start":{"line":56,"column":16},"end":{"line":56,"column":77}},"32":{"start":{"line":57,"column":16},"end":{"line":57,"column":58}},"33":{"start":{"line":63,"column":19},"end":{"line":63,"column":57}},"34":{"start":{"line":64,"column":19},"end":{"line":64,"column":23}},"35":{"start":{"line":65,"column":8},"end":{"line":67,"column":9}},"36":{"start":{"line":65,"column":21},"end":{"line":65,"column":22}},"37":{"start":{"line":66,"column":12},"end":{"line":66,"column":63}},"38":{"start":{"line":69,"column":8},"end":{"line":69,"column":15}},"39":{"start":{"line":73,"column":27},"end":{"line":73,"column":57}},"40":{"start":{"line":74,"column":22},"end":{"line":74,"column":84}},"41":{"start":{"line":74,"column":58},"end":{"line":74,"column":83}},"42":{"start":{"line":75,"column":9},"end":{"line":86,"column":10}},"43":{"start":{"line":76,"column":30},"end":{"line":76,"column":51}},"44":{"start":{"line":77,"column":29},"end":{"line":77,"column":78}},"45":{"start":{"line":77,"column":56},"end":{"line":77,"column":77}},"46":{"start":{"line":78,"column":13},"end":{"line":84,"column":14}},"47":{"start":{"line":79,"column":37},"end":{"line":79,"column":66}},"48":{"start":{"line":80,"column":34},"end":{"line":80,"column":36}},"49":{"start":{"line":81,"column":17},"end":{"line":81,"column":83}},"50":{"start":{"line":81,"column":50},"end":{"line":81,"column":81}},"51":{"start":{"line":82,"column":17},"end":{"line":82,"column":40}},"52":{"start":{"line":83,"column":17},"end":{"line":83,"column":65}},"53":{"start":{"line":85,"column":13},"end":{"line":85,"column":53}},"54":{"start":{"line":90,"column":8},"end":{"line":92,"column":14}},"55":{"start":{"line":93,"column":20},"end":{"line":93,"column":33}},"56":{"start":{"line":98,"column":8},"end":{"line":103,"column":9}},"57":{"start":{"line":99,"column":22},"end":{"line":101,"column":50}},"58":{"start":{"line":102,"column":12},"end":{"line":102,"column":33}},"59":{"start":{"line":105,"column":18},"end":{"line":107,"column":46}},"60":{"start":{"line":109,"column":8},"end":{"line":109,"column":29}}},"fnMap":{"0":{"name":"(anonymous_0)","decl":{"start":{"line":5,"column":5},"end":{"line":5,"column":6}},"loc":{"start":{"line":5,"column":28},"end":{"line":10,"column":6}},"line":5},"1":{"name":"(anonymous_1)","decl":{"start":{"line":12,"column":5},"end":{"line":12,"column":6}},"loc":{"start":{"line":12,"column":33},"end":{"line":18,"column":6}},"line":12},"2":{"name":"(anonymous_2)","decl":{"start":{"line":20,"column":5},"end":{"line":20,"column":6}},"loc":{"start":{"line":20,"column":26},"end":{"line":22,"column":6}},"line":20},"3":{"name":"(anonymous_3)","decl":{"start":{"line":24,"column":5},"end":{"line":24,"column":6}},"loc":{"start":{"line":24,"column":22},"end":{"line":37,"column":6}},"line":24},"4":{"name":"(anonymous_4)","decl":{"start":{"line":25,"column":28},"end":{"line":25,"column":29}},"loc":{"start":{"line":25,"column":35},"end":{"line":25,"column":60}},"line":25},"5":{"name":"(anonymous_5)","decl":{"start":{"line":28,"column":34},"end":{"line":28,"column":35}},"loc":{"start":{"line":28,"column":47},"end":{"line":28,"column":82}},"line":28},"6":{"name":"(anonymous_6)","decl":{"start":{"line":29,"column":33},"end":{"line":29,"column":34}},"loc":{"start":{"line":29,"column":49},"end":{"line":31,"column":14}},"line":29},"7":{"name":"(anonymous_7)","decl":{"start":{"line":32,"column":37},"end":{"line":32,"column":38}},"loc":{"start":{"line":32,"column":46},"end":{"line":32,"column":72}},"line":32},"8":{"name":"(anonymous_8)","decl":{"start":{"line":39,"column":5},"end":{"line":39,"column":6}},"loc":{"start":{"line":39,"column":19},"end":{"line":41,"column":6}},"line":39},"9":{"name":"(anonymous_9)","decl":{"start":{"line":43,"column":5},"end":{"line":43,"column":6}},"loc":{"start":{"line":43,"column":20},"end":{"line":47,"column":6}},"line":43},"10":{"name":"(anonymous_10)","decl":{"start":{"line":49,"column":5},"end":{"line":49,"column":6}},"loc":{"start":{"line":49,"column":26},"end":{"line":60,"column":6}},"line":49},"11":{"name":"(anonymous_11)","decl":{"start":{"line":62,"column":5},"end":{"line":62,"column":6}},"loc":{"start":{"line":62,"column":44},"end":{"line":70,"column":6}},"line":62},"12":{"name":"(anonymous_12)","decl":{"start":{"line":72,"column":5},"end":{"line":72,"column":6}},"loc":{"start":{"line":72,"column":20},"end":{"line":87,"column":6}},"line":72},"13":{"name":"(anonymous_13)","decl":{"start":{"line":74,"column":37},"end":{"line":74,"column":38}},"loc":{"start":{"line":74,"column":58},"end":{"line":74,"column":83}},"line":74},"14":{"name":"(anonymous_14)","decl":{"start":{"line":77,"column":46},"end":{"line":77,"column":47}},"loc":{"start":{"line":77,"column":56},"end":{"line":77,"column":77}},"line":77},"15":{"name":"(anonymous_15)","decl":{"start":{"line":81,"column":34},"end":{"line":81,"column":35}},"loc":{"start":{"line":81,"column":50},"end":{"line":81,"column":81}},"line":81},"16":{"name":"(anonymous_16)","decl":{"start":{"line":89,"column":5},"end":{"line":89,"column":6}},"loc":{"start":{"line":89,"column":19},"end":{"line":94,"column":6}},"line":89},"17":{"name":"(anonymous_17)","decl":{"start":{"line":96,"column":5},"end":{"line":96,"column":6}},"loc":{"start":{"line":96,"column":16},"end":{"line":111,"column":6}},"line":96},"18":{"name":"(anonymous_18)","decl":{"start":{"line":98,"column":28},"end":{"line":98,"column":29}},"loc":{"start":{"line":98,"column":35},"end":{"line":103,"column":9}},"line":98}},"branchMap":{"0":{"loc":{"start":{"line":6,"column":8},"end":{"line":8,"column":9}},"type":"if","locations":[{"start":{"line":6,"column":8},"end":{"line":8,"column":9}},{"start":{"line":6,"column":8},"end":{"line":8,"column":9}}],"line":6},"1":{"loc":{"start":{"line":12,"column":17},"end":{"line":12,"column":31}},"type":"default-arg","locations":[{"start":{"line":12,"column":27},"end":{"line":12,"column":31}}],"line":12},"2":{"loc":{"start":{"line":13,"column":8},"end":{"line":15,"column":9}},"type":"if","locations":[{"start":{"line":13,"column":8},"end":{"line":15,"column":9}},{"start":{"line":13,"column":8},"end":{"line":15,"column":9}}],"line":13},"3":{"loc":{"start":{"line":27,"column":9},"end":{"line":35,"column":10}},"type":"if","locations":[{"start":{"line":27,"column":9},"end":{"line":35,"column":10}},{"start":{"line":27,"column":9},"end":{"line":35,"column":10}}],"line":27},"4":{"loc":{"start":{"line":27,"column":12},"end":{"line":27,"column":43}},"type":"binary-expr","locations":[{"start":{"line":27,"column":12},"end":{"line":27,"column":18}},{"start":{"line":27,"column":22},"end":{"line":27,"column":43}}],"line":27},"5":{"loc":{"start":{"line":50,"column":8},"end":{"line":59,"column":9}},"type":"if","locations":[{"start":{"line":50,"column":8},"end":{"line":59,"column":9}},{"start":{"line":50,"column":8},"end":{"line":59,"column":9}}],"line":50},"6":{"loc":{"start":{"line":52,"column":12},"end":{"line":58,"column":13}},"type":"if","locations":[{"start":{"line":52,"column":12},"end":{"line":58,"column":13}},{"start":{"line":52,"column":12},"end":{"line":58,"column":13}}],"line":52},"7":{"loc":{"start":{"line":52,"column":15},"end":{"line":52,"column":60}},"type":"binary-expr","locations":[{"start":{"line":52,"column":15},"end":{"line":52,"column":36}},{"start":{"line":52,"column":40},"end":{"line":52,"column":60}}],"line":52},"8":{"loc":{"start":{"line":54,"column":19},"end":{"line":58,"column":13}},"type":"if","locations":[{"start":{"line":54,"column":19},"end":{"line":58,"column":13}},{"start":{"line":54,"column":19},"end":{"line":58,"column":13}}],"line":54},"9":{"loc":{"start":{"line":75,"column":9},"end":{"line":86,"column":10}},"type":"if","locations":[{"start":{"line":75,"column":9},"end":{"line":86,"column":10}},{"start":{"line":75,"column":9},"end":{"line":86,"column":10}}],"line":75},"10":{"loc":{"start":{"line":78,"column":13},"end":{"line":84,"column":14}},"type":"if","locations":[{"start":{"line":78,"column":13},"end":{"line":84,"column":14}},{"start":{"line":78,"column":13},"end":{"line":84,"column":14}}],"line":78},"11":{"loc":{"start":{"line":78,"column":16},"end":{"line":78,"column":35}},"type":"binary-expr","locations":[{"start":{"line":78,"column":16},"end":{"line":78,"column":23}},{"start":{"line":78,"column":27},"end":{"line":78,"column":35}}],"line":78},"12":{"loc":{"start":{"line":99,"column":22},"end":{"line":101,"column":50}},"type":"cond-expr","locations":[{"start":{"line":100,"column":26},"end":{"line":100,"column":63}},{"start":{"line":101,"column":26},"end":{"line":101,"column":50}}],"line":99},"13":{"loc":{"start":{"line":105,"column":18},"end":{"line":107,"column":46}},"type":"cond-expr","locations":[{"start":{"line":106,"column":22},"end":{"line":106,"column":59}},{"start":{"line":107,"column":22},"end":{"line":107,"column":46}}],"line":105}},"s":{"0":10,"1":1,"2":10,"3":1,"4":1,"5":1,"6":1,"7":6,"8":7,"9":7,"10":7,"11":7,"12":3,"13":3,"14":3,"15":3,"16":3,"17":3,"18":3,"19":3,"20":4,"21":2,"22":1,"23":1,"24":1,"25":5,"26":5,"27":5,"28":3,"29":2,"30":2,"31":2,"32":2,"33":3,"34":3,"35":3,"36":3,"37":3,"38":3,"39":3,"40":3,"41":7,"42":3,"43":3,"44":3,"45":5,"46":3,"47":1,"48":1,"49":1,"50":1,"51":1,"52":1,"53":2,"54":1,"55":1,"56":1,"57":0,"58":0,"59":1,"60":1},"f":{"0":10,"1":1,"2":6,"3":7,"4":7,"5":3,"6":3,"7":3,"8":2,"9":1,"10":5,"11":3,"12":3,"13":7,"14":5,"15":1,"16":1,"17":1,"18":0},"b":{"0":[1,9],"1":[1],"2":[1,0],"3":[3,4],"4":[7,3],"5":[5,0],"6":[3,2],"7":[5,2],"8":[2,0],"9":[3,0],"10":[1,2],"11":[3,1],"12":[0,0],"13":[0,1]},"_coverageSchema":"43e27e138ebf9cfc5966b082cf9a028302ed4184","hash":"d9e3972133f936387e1bd3d444525b814e3a17bb"}
}
