TN:
SF:/home/paulojunioromao/router-khan-js/src/Router.js
FN:4,(anonymous_0)
FN:11,(anonymous_1)
FN:19,(anonymous_2)
FN:23,(anonymous_3)
FN:24,(anonymous_4)
FN:27,(anonymous_5)
FN:28,(anonymous_6)
FN:31,(anonymous_7)
FN:38,(anonymous_8)
FN:42,(anonymous_9)
FN:48,(anonymous_10)
FN:61,(anonymous_11)
FN:71,(anonymous_12)
FN:73,(anonymous_13)
FN:76,(anonymous_14)
FN:80,(anonymous_15)
FN:88,(anonymous_16)
FN:99,(anonymous_17)
FN:100,(anonymous_18)
FNF:19
FNH:18
FNDA:10,(anonymous_0)
FNDA:1,(anonymous_1)
FNDA:6,(anonymous_2)
FNDA:7,(anonymous_3)
FNDA:7,(anonymous_4)
FNDA:3,(anonymous_5)
FNDA:3,(anonymous_6)
FNDA:3,(anonymous_7)
FNDA:2,(anonymous_8)
FNDA:1,(anonymous_9)
FNDA:5,(anonymous_10)
FNDA:3,(anonymous_11)
FNDA:3,(anonymous_12)
FNDA:7,(anonymous_13)
FNDA:5,(anonymous_14)
FNDA:1,(anonymous_15)
FNDA:1,(anonymous_16)
FNDA:1,(anonymous_17)
FNDA:0,(anonymous_18)
DA:5,10
DA:6,1
DA:8,10
DA:12,1
DA:13,1
DA:15,1
DA:16,1
DA:20,6
DA:24,7
DA:25,7
DA:26,7
DA:27,3
DA:28,3
DA:29,3
DA:31,3
DA:32,3
DA:33,3
DA:35,4
DA:39,2
DA:43,1
DA:44,1
DA:45,1
DA:49,5
DA:50,5
DA:51,5
DA:52,3
DA:53,2
DA:54,2
DA:55,2
DA:56,2
DA:62,3
DA:63,3
DA:64,3
DA:65,3
DA:68,3
DA:72,3
DA:73,7
DA:74,3
DA:75,3
DA:76,5
DA:77,3
DA:78,1
DA:79,1
DA:80,1
DA:81,1
DA:82,1
DA:84,2
DA:89,1
DA:96,1
DA:100,1
DA:102,0
DA:105,0
DA:109,1
DA:113,1
LF:54
LH:52
BRDA:5,0,0,1
BRDA:5,0,1,9
BRDA:11,1,0,1
BRDA:12,2,0,1
BRDA:12,2,1,0
BRDA:26,3,0,3
BRDA:26,3,1,4
BRDA:26,4,0,7
BRDA:26,4,1,3
BRDA:49,5,0,5
BRDA:49,5,1,0
BRDA:51,6,0,3
BRDA:51,6,1,2
BRDA:51,7,0,5
BRDA:51,7,1,2
BRDA:53,8,0,2
BRDA:53,8,1,0
BRDA:74,9,0,3
BRDA:74,9,1,0
BRDA:77,10,0,1
BRDA:77,10,1,2
BRDA:77,11,0,3
BRDA:77,11,1,1
BRDA:102,12,0,0
BRDA:102,12,1,0
BRDA:109,13,0,0
BRDA:109,13,1,1
BRF:27
BRH:20
end_of_record
