TN:
SF:/home/paulojunioromao/router-khan-js/src/Router.js
FN:5,(anonymous_0)
FN:12,(anonymous_1)
FN:20,(anonymous_2)
FN:24,(anonymous_3)
FN:25,(anonymous_4)
FN:28,(anonymous_5)
FN:29,(anonymous_6)
FN:32,(anonymous_7)
FN:39,(anonymous_8)
FN:43,(anonymous_9)
FN:49,(anonymous_10)
FN:62,(anonymous_11)
FN:72,(anonymous_12)
FN:74,(anonymous_13)
FN:77,(anonymous_14)
FN:81,(anonymous_15)
FN:89,(anonymous_16)
FN:96,(anonymous_17)
FN:98,(anonymous_18)
FNF:19
FNH:18
FNDA:10,(anonymous_0)
FNDA:1,(anonymous_1)
FNDA:6,(anonymous_2)
FNDA:7,(anonymous_3)
FNDA:7,(anonymous_4)
FNDA:3,(anonymous_5)
FNDA:3,(anonymous_6)
FNDA:3,(anonymous_7)
FNDA:2,(anonymous_8)
FNDA:1,(anonymous_9)
FNDA:5,(anonymous_10)
FNDA:3,(anonymous_11)
FNDA:3,(anonymous_12)
FNDA:7,(anonymous_13)
FNDA:5,(anonymous_14)
FNDA:1,(anonymous_15)
FNDA:1,(anonymous_16)
FNDA:1,(anonymous_17)
FNDA:0,(anonymous_18)
DA:6,10
DA:7,1
DA:9,10
DA:13,1
DA:14,1
DA:16,1
DA:17,1
DA:21,6
DA:25,7
DA:26,7
DA:27,7
DA:28,3
DA:29,3
DA:30,3
DA:32,3
DA:33,3
DA:34,3
DA:36,4
DA:40,2
DA:44,1
DA:45,1
DA:46,1
DA:50,5
DA:51,5
DA:52,5
DA:53,3
DA:54,2
DA:55,2
DA:56,2
DA:57,2
DA:63,3
DA:64,3
DA:65,3
DA:66,3
DA:69,3
DA:73,3
DA:74,7
DA:75,3
DA:76,3
DA:77,5
DA:78,3
DA:79,1
DA:80,1
DA:81,1
DA:82,1
DA:83,1
DA:85,2
DA:90,1
DA:93,1
DA:98,1
DA:99,0
DA:102,0
DA:105,1
DA:109,1
LF:54
LH:52
BRDA:6,0,0,1
BRDA:6,0,1,9
BRDA:12,1,0,1
BRDA:13,2,0,1
BRDA:13,2,1,0
BRDA:27,3,0,3
BRDA:27,3,1,4
BRDA:27,4,0,7
BRDA:27,4,1,3
BRDA:50,5,0,5
BRDA:50,5,1,0
BRDA:52,6,0,3
BRDA:52,6,1,2
BRDA:52,7,0,5
BRDA:52,7,1,2
BRDA:54,8,0,2
BRDA:54,8,1,0
BRDA:75,9,0,3
BRDA:75,9,1,0
BRDA:78,10,0,1
BRDA:78,10,1,2
BRDA:78,11,0,3
BRDA:78,11,1,1
BRDA:99,12,0,0
BRDA:99,12,1,0
BRDA:105,13,0,0
BRDA:105,13,1,1
BRF:27
BRH:20
end_of_record
